0 info it worked if it ends with ok
1 verbose cli [ 'C:\\Program Files\\nodejs\\node.exe',
1 verbose cli   'C:\\Program Files\\nodejs\\node_modules\\npm\\bin\\npm-cli.js',
1 verbose cli   'start' ]
2 info using npm@3.10.10
3 info using node@v6.10.0
4 verbose run-script [ 'prestart', 'start', 'poststart' ]
5 info lifecycle monapplireact@0.1.0~prestart: monapplireact@0.1.0
6 silly lifecycle monapplireact@0.1.0~prestart: no script for prestart, continuing
7 info lifecycle monapplireact@0.1.0~start: monapplireact@0.1.0
8 verbose lifecycle monapplireact@0.1.0~start: unsafe-perm in lifecycle true
9 verbose lifecycle monapplireact@0.1.0~start: PATH: C:\Program Files\nodejs\node_modules\npm\bin\node-gyp-bin;C:\Data\_Simplon\gestionAbsences\Developpement\React\demandeAbsences\node_modules\.bin;C:\Program Files (x86)\Mozilla Firefox;C:\ProgramData\Oracle\Java\javapath;c:\Oracle\oraclexe\app\oracle\product\11.2.0\server\bin;C:\windows\system32;C:\windows;C:\windows\System32\Wbem;C:\windows\System32\WindowsPowerShell\v1.0\;C:\Program Files (x86)\Microsoft Application Virtualization Client;C:\Program Files\WIDCOMM\Bluetooth Software\;C:\Program Files\WIDCOMM\Bluetooth Software\syswow64;C:\Program Files\Intel\WiFi\bin\;C:\Program Files\Common Files\Intel\WirelessCommon\;C:\windows\system32\BioRTime;C:\windows\SysWOW64\BioRTime;c:\Program Files\TortoiseSVN\bin;C:\wamp\bin\mysql\mysql5.5.8\bin;C:\Program Files\Git\cmd;C:\Program Files\MySQL\MySQL Utilities 1.6\;C:\Program Files\nodejs\;C:\Program Files\Apache Software Foundation\apache-maven-3.5.0\bin;C:\Users\Fred\AppData\Local\atom\bin;C:\Program Files (x86)\Microsoft VS Code\bin;C:\Program Files\Java\jdk1.8.0_121\bin;C:\Users\Fred\AppData\Roaming\npm
10 verbose lifecycle monapplireact@0.1.0~start: CWD: C:\Data\_Simplon\gestionAbsences\Developpement\React\demandeAbsences
11 silly lifecycle monapplireact@0.1.0~start: Args: [ '/d /s /c', 'react-scripts start' ]
12 silly lifecycle monapplireact@0.1.0~start: Returned: code: 3221225786  signal: null
13 info lifecycle monapplireact@0.1.0~start: Failed to exec start script
14 verbose stack Error: monapplireact@0.1.0 start: `react-scripts start`
14 verbose stack Exit status 3221225786
14 verbose stack     at EventEmitter.<anonymous> (C:\Program Files\nodejs\node_modules\npm\lib\utils\lifecycle.js:255:16)
14 verbose stack     at emitTwo (events.js:106:13)
14 verbose stack     at EventEmitter.emit (events.js:191:7)
14 verbose stack     at ChildProcess.<anonymous> (C:\Program Files\nodejs\node_modules\npm\lib\utils\spawn.js:40:14)
14 verbose stack     at emitTwo (events.js:106:13)
14 verbose stack     at ChildProcess.emit (events.js:191:7)
14 verbose stack     at maybeClose (internal/child_process.js:877:16)
14 verbose stack     at Process.ChildProcess._handle.onexit (internal/child_process.js:226:5)
15 verbose pkgid monapplireact@0.1.0
16 verbose cwd C:\Data\_Simplon\gestionAbsences\Developpement\React\demandeAbsences\src
17 error Windows_NT 6.1.7601
18 error argv "C:\\Program Files\\nodejs\\node.exe" "C:\\Program Files\\nodejs\\node_modules\\npm\\bin\\npm-cli.js" "start"
19 error node v6.10.0
20 error npm  v3.10.10
21 error code ELIFECYCLE
22 error monapplireact@0.1.0 start: `react-scripts start`
22 error Exit status 3221225786
23 error Failed at the monapplireact@0.1.0 start script 'react-scripts start'.
23 error Make sure you have the latest version of node.js and npm installed.
23 error If you do, this is most likely a problem with the monapplireact package,
23 error not with npm itself.
23 error Tell the author that this fails on your system:
23 error     react-scripts start
23 error You can get information on how to open an issue for this project with:
23 error     npm bugs monapplireact
23 error Or if that isn't available, you can get their info via:
23 error     npm owner ls monapplireact
23 error There is likely additional logging output above.
24 verbose exit [ 1, true ]
