#
# There is insufficient memory for the Java Runtime Environment to continue.
# Native memory allocation (malloc) failed to allocate 599376 bytes for Chunk::new
# Possible reasons:
#   The system is out of physical RAM or swap space
#   In 32 bit mode, the process size limit was hit
# Possible solutions:
#   Reduce memory load on the system
#   Increase physical memory or swap space
#   Check if swap backing store is full
#   Use 64 bit Java on a 64 bit OS
#   Decrease Java heap size (-Xmx/-Xms)
#   Decrease number of Java threads
#   Decrease Java thread stack sizes (-Xss)
#   Set larger code cache with -XX:ReservedCodeCacheSize=
# This output file may be truncated or incomplete.
#
#  Out of Memory Error (allocation.cpp:390), pid=6004, tid=0x00000000000016a0
#
# JRE version: Java(TM) SE Runtime Environment (8.0_131-b11) (build 1.8.0_131-b11)
# Java VM: Java HotSpot(TM) 64-Bit Server VM (25.131-b11 mixed mode windows-amd64 compressed oops)
# Failed to write core dump. Minidumps are not enabled by default on client versions of Windows
#

---------------  T H R E A D  ---------------

Current thread (0x0000000056632000):  JavaThread "C2 CompilerThread1" daemon [_thread_in_native, id=5792, stack(0x0000000055cf0000,0x0000000055df0000)]

Stack: [0x0000000055cf0000,0x0000000055df0000]
[error occurred during error reporting (printing stack bounds), id 0xc0000005]

Native frames: (J=compiled Java code, j=interpreted, Vv=VM code, C=native code)


Current CompileTask:
C2: 171723 4966       4       org.springframework.boot.devtools.filewatch.FolderSnapshot::collectFiles (99 bytes)


---------------  P R O C E S S  ---------------

Java Threads: ( => current thread )
  0x000000005cd92000 JavaThread "DestroyJavaVM" [_thread_blocked, id=5920, stack(0x0000000002140000,0x0000000002240000)]
  0x000000005cd91000 JavaThread "http-nio-8080-AsyncTimeout" daemon [_thread_blocked, id=5472, stack(0x0000000060fd0000,0x00000000610d0000)]
  0x000000005cd90800 JavaThread "http-nio-8080-Acceptor-0" daemon [_thread_in_native, id=5476, stack(0x000000005f570000,0x000000005f670000)]
  0x000000005cd8f800 JavaThread "http-nio-8080-ClientPoller-1" daemon [_thread_in_native, id=5488, stack(0x0000000060920000,0x0000000060a20000)]
  0x000000005e1d6000 JavaThread "http-nio-8080-ClientPoller-0" daemon [_thread_in_native, id=5492, stack(0x0000000060e70000,0x0000000060f70000)]
  0x000000005e1d5800 JavaThread "http-nio-8080-exec-10" daemon [_thread_blocked, id=5504, stack(0x0000000057030000,0x0000000057130000)]
  0x000000005e1d4800 JavaThread "http-nio-8080-exec-9" daemon [_thread_blocked, id=5508, stack(0x0000000060d20000,0x0000000060e20000)]
  0x000000005e1d4000 JavaThread "http-nio-8080-exec-8" daemon [_thread_blocked, id=5524, stack(0x0000000060c10000,0x0000000060d10000)]
  0x000000005e1d3000 JavaThread "http-nio-8080-exec-7" daemon [_thread_blocked, id=5520, stack(0x0000000060a30000,0x0000000060b30000)]
  0x000000005e1d2800 JavaThread "http-nio-8080-exec-6" daemon [_thread_blocked, id=5536, stack(0x00000000607f0000,0x00000000608f0000)]
  0x000000005e1d1800 JavaThread "http-nio-8080-exec-5" daemon [_thread_blocked, id=5540, stack(0x0000000060630000,0x0000000060730000)]
  0x000000005e1d1000 JavaThread "http-nio-8080-exec-4" daemon [_thread_blocked, id=5552, stack(0x0000000060530000,0x0000000060630000)]
  0x000000005e1d0000 JavaThread "http-nio-8080-exec-3" daemon [_thread_blocked, id=5556, stack(0x00000000600b0000,0x00000000601b0000)]
  0x000000005e1cf000 JavaThread "http-nio-8080-exec-2" daemon [_thread_blocked, id=5568, stack(0x0000000060360000,0x0000000060460000)]
  0x0000000059eb9000 JavaThread "http-nio-8080-exec-1" daemon [_thread_blocked, id=5572, stack(0x0000000056a40000,0x0000000056b40000)]
  0x0000000059eb8800 JavaThread "NioBlockingSelector.BlockPoller-1" daemon [_thread_in_native, id=5588, stack(0x00000000601c0000,0x00000000602c0000)]
  0x0000000059eb7800 JavaThread "Live Reload Server" daemon [_thread_in_native, id=5584, stack(0x0000000057ba0000,0x0000000057ca0000)]
  0x0000000059eb7000 JavaThread "File Watcher" daemon [_thread_blocked, id=5616, stack(0x000000005f1a0000,0x000000005f2a0000)]
  0x0000000059eb6000 JavaThread "Abandoned connection cleanup thread" daemon [_thread_blocked, id=5648, stack(0x000000005eea0000,0x000000005efa0000)]
  0x0000000059eb5800 JavaThread "Tomcat JDBC Pool Cleaner[1984697014:1499846162634]" daemon [_thread_blocked, id=5664, stack(0x000000005ecf0000,0x000000005edf0000)]
  0x0000000059eb4800 JavaThread "container-0" [_thread_blocked, id=5652, stack(0x000000005c130000,0x000000005c230000)]
  0x0000000059eb4000 JavaThread "ContainerBackgroundProcessor[StandardEngine[Tomcat]]" daemon [_thread_blocked, id=5668, stack(0x000000005d880000,0x000000005d980000)]
  0x000000005756a000 JavaThread "RMI TCP Accept-0" daemon [_thread_in_native, id=5748, stack(0x0000000057cc0000,0x0000000057dc0000)]
  0x00000000574f7800 JavaThread "RMI TCP Accept-49347" daemon [_thread_in_native, id=5760, stack(0x0000000057a90000,0x0000000057b90000)]
  0x00000000574e9000 JavaThread "RMI TCP Accept-0" daemon [_thread_in_native, id=5764, stack(0x0000000056e10000,0x0000000056f10000)]
  0x00000000566af000 JavaThread "Service Thread" daemon [_thread_blocked, id=5780, stack(0x0000000056d10000,0x0000000056e10000)]
  0x0000000056633800 JavaThread "C1 CompilerThread2" daemon [_thread_blocked, id=5796, stack(0x0000000056b90000,0x0000000056c90000)]
=>0x0000000056632000 JavaThread "C2 CompilerThread1" daemon [_thread_in_native, id=5792, stack(0x0000000055cf0000,0x0000000055df0000)]
  0x0000000054ed7800 JavaThread "C2 CompilerThread0" daemon [_thread_blocked, id=5808, stack(0x0000000056530000,0x0000000056630000)]
  0x0000000054ed6800 JavaThread "Attach Listener" daemon [_thread_blocked, id=6016, stack(0x0000000056120000,0x0000000056220000)]
  0x0000000054ede800 JavaThread "Signal Dispatcher" daemon [_thread_blocked, id=6020, stack(0x00000000563c0000,0x00000000564c0000)]
  0x0000000054eb7000 JavaThread "Finalizer" daemon [_thread_blocked, id=5812, stack(0x0000000056240000,0x0000000056340000)]
  0x0000000054e75800 JavaThread "Reference Handler" daemon [_thread_blocked, id=5824, stack(0x0000000055fd0000,0x00000000560d0000)]

Other Threads:
  0x0000000054e6d800 VMThread [stack: 0x0000000055df0000,0x0000000055ef0000] [id=5840]
  0x0000000057565000 WatcherThread [stack: 0x0000000057e00000,0x0000000057f00000] [id=5744]

VM state:not at safepoint (normal execution)

VM Mutex/Monitor currently owned by a thread: None

Heap:
 PSYoungGen      total 206336K, used 133692K [0x00000000eb500000, 0x00000000f9080000, 0x0000000100000000)
  eden space 195072K, 62% used [0x00000000eb500000,0x00000000f2c95080,0x00000000f7380000)
  from space 11264K, 99% used [0x00000000f8580000,0x00000000f907a370,0x00000000f9080000)
  to   space 14848K, 0% used [0x00000000f7380000,0x00000000f7380000,0x00000000f8200000)
 ParOldGen       total 62976K, used 26778K [0x00000000c1e00000, 0x00000000c5b80000, 0x00000000eb500000)
  object space 62976K, 42% used [0x00000000c1e00000,0x00000000c3826b38,0x00000000c5b80000)
 Metaspace       used 48007K, capacity 48660K, committed 48936K, reserved 1091584K
  class space    used 6235K, capacity 6379K, committed 6440K, reserved 1048576K

Card table byte_map: [0x00000000118d0000,0x0000000011ad0000] byte_map_base: 0x00000000112c1000

Marking Bits: (ParMarkBitMap*) 0x000000006d46c720
 Begin Bits: [0x00000000123d0000, 0x0000000013358000)
 End Bits:   [0x0000000013358000, 0x00000000142e0000)

Polling page: 0x0000000000300000

CodeCache: size=245760Kb used=15847Kb max_used=15887Kb free=229912Kb
 bounds [0x0000000002510000, 0x00000000034b0000, 0x0000000011510000]
 total_blobs=4936 nmethods=4405 adapters=442
 compilation: enabled

Compilation events (10 events):
Event: 143.143 Thread 0x0000000056633800 nmethod 4961 0x00000000034a4250 code [0x00000000034a43e0, 0x00000000034a4878]
Event: 143.143 Thread 0x0000000056633800 4962       3       org.apache.tomcat.util.net.NioEndpoint::access$300 (5 bytes)
Event: 143.143 Thread 0x0000000056633800 nmethod 4962 0x0000000002632e10 code [0x0000000002632f60, 0x0000000002633090]
Event: 151.297 Thread 0x0000000054ed7800 4963   !   4       sun.misc.URLClassPath::check (123 bytes)
Event: 151.298 Thread 0x0000000054ed7800 nmethod 4963 0x000000000303f9d0 code [0x000000000303fb00, 0x000000000303fb78]
Event: 159.281 Thread 0x0000000056632000 4964       4       java.io.File::hashCode (8 bytes)
Event: 159.284 Thread 0x0000000056632000 nmethod 4964 0x000000000274e210 code [0x000000000274e360, 0x000000000274e508]
Event: 164.202 Thread 0x0000000054ed7800 4965       4       java.io.File::listFiles (52 bytes)
Event: 164.212 Thread 0x0000000054ed7800 nmethod 4965 0x000000000277cad0 code [0x000000000277cc60, 0x000000000277d138]
Event: 171.626 Thread 0x0000000056632000 4966       4       org.springframework.boot.devtools.filewatch.FolderSnapshot::collectFiles (99 bytes)

GC Heap History (10 events):
Event: 4.657 GC heap before
{Heap before GC invocations=10 (full 1):
 PSYoungGen      total 113152K, used 112869K [0x00000000eb500000, 0x00000000f4080000, 0x0000000100000000)
  eden space 110080K, 100% used [0x00000000eb500000,0x00000000f2080000,0x00000000f2080000)
  from space 3072K, 90% used [0x00000000f3d80000,0x00000000f4039630,0x00000000f4080000)
  to   space 8704K, 0% used [0x00000000f2f80000,0x00000000f2f80000,0x00000000f3800000)
 ParOldGen       total 38912K, used 9874K [0x00000000c1e00000, 0x00000000c4400000, 0x00000000eb500000)
  object space 38912K, 25% used [0x00000000c1e00000,0x00000000c27a49c8,0x00000000c4400000)
 Metaspace       used 26914K, capacity 27346K, committed 27648K, reserved 1073152K
  class space    used 3403K, capacity 3514K, committed 3584K, reserved 1048576K
Event: 4.676 GC heap after
Heap after GC invocations=10 (full 1):
 PSYoungGen      total 134144K, used 8690K [0x00000000eb500000, 0x00000000f5c00000, 0x0000000100000000)
  eden space 125440K, 0% used [0x00000000eb500000,0x00000000eb500000,0x00000000f2f80000)
  from space 8704K, 99% used [0x00000000f2f80000,0x00000000f37fc8e8,0x00000000f3800000)
  to   space 9728K, 0% used [0x00000000f5280000,0x00000000f5280000,0x00000000f5c00000)
 ParOldGen       total 38912K, used 9920K [0x00000000c1e00000, 0x00000000c4400000, 0x00000000eb500000)
  object space 38912K, 25% used [0x00000000c1e00000,0x00000000c27b0278,0x00000000c4400000)
 Metaspace       used 26914K, capacity 27346K, committed 27648K, reserved 1073152K
  class space    used 3403K, capacity 3514K, committed 3584K, reserved 1048576K
}
Event: 6.131 GC heap before
{Heap before GC invocations=11 (full 1):
 PSYoungGen      total 134144K, used 134130K [0x00000000eb500000, 0x00000000f5c00000, 0x0000000100000000)
  eden space 125440K, 100% used [0x00000000eb500000,0x00000000f2f80000,0x00000000f2f80000)
  from space 8704K, 99% used [0x00000000f2f80000,0x00000000f37fc8e8,0x00000000f3800000)
  to   space 9728K, 0% used [0x00000000f5280000,0x00000000f5280000,0x00000000f5c00000)
 ParOldGen       total 38912K, used 9920K [0x00000000c1e00000, 0x00000000c4400000, 0x00000000eb500000)
  object space 38912K, 25% used [0x00000000c1e00000,0x00000000c27b0278,0x00000000c4400000)
 Metaspace       used 30407K, capacity 30890K, committed 31104K, reserved 1077248K
  class space    used 3821K, capacity 3966K, committed 3968K, reserved 1048576K
Event: 6.146 GC heap after
Heap after GC invocations=11 (full 1):
 PSYoungGen      total 159232K, used 9719K [0x00000000eb500000, 0x00000000f7100000, 0x0000000100000000)
  eden space 149504K, 0% used [0x00000000eb500000,0x00000000eb500000,0x00000000f4700000)
  from space 9728K, 99% used [0x00000000f5280000,0x00000000f5bfde40,0x00000000f5c00000)
  to   space 11776K, 0% used [0x00000000f4700000,0x00000000f4700000,0x00000000f5280000)
 ParOldGen       total 38912K, used 11941K [0x00000000c1e00000, 0x00000000c4400000, 0x00000000eb500000)
  object space 38912K, 30% used [0x00000000c1e00000,0x00000000c29a9650,0x00000000c4400000)
 Metaspace       used 30407K, capacity 30890K, committed 31104K, reserved 1077248K
  class space    used 3821K, capacity 3966K, committed 3968K, reserved 1048576K
}
Event: 6.780 GC heap before
{Heap before GC invocations=12 (full 1):
 PSYoungGen      total 159232K, used 57641K [0x00000000eb500000, 0x00000000f7100000, 0x0000000100000000)
  eden space 149504K, 32% used [0x00000000eb500000,0x00000000ee3cc840,0x00000000f4700000)
  from space 9728K, 99% used [0x00000000f5280000,0x00000000f5bfde40,0x00000000f5c00000)
  to   space 11776K, 0% used [0x00000000f4700000,0x00000000f4700000,0x00000000f5280000)
 ParOldGen       total 38912K, used 11941K [0x00000000c1e00000, 0x00000000c4400000, 0x00000000eb500000)
  object space 38912K, 30% used [0x00000000c1e00000,0x00000000c29a9650,0x00000000c4400000)
 Metaspace       used 34804K, capacity 35266K, committed 35496K, reserved 1081344K
  class space    used 4369K, capacity 4482K, committed 4520K, reserved 1048576K
Event: 6.803 GC heap after
Heap after GC invocations=12 (full 1):
 PSYoungGen      total 161280K, used 4892K [0x00000000eb500000, 0x00000000f9080000, 0x0000000100000000)
  eden space 149504K, 0% used [0x00000000eb500000,0x00000000eb500000,0x00000000f4700000)
  from space 11776K, 41% used [0x00000000f4700000,0x00000000f4bc71d8,0x00000000f5280000)
  to   space 11264K, 0% used [0x00000000f8580000,0x00000000f8580000,0x00000000f9080000)
 ParOldGen       total 38912K, used 19191K [0x00000000c1e00000, 0x00000000c4400000, 0x00000000eb500000)
  object space 38912K, 49% used [0x00000000c1e00000,0x00000000c30bdf58,0x00000000c4400000)
 Metaspace       used 34804K, capacity 35266K, committed 35496K, reserved 1081344K
  class space    used 4369K, capacity 4482K, committed 4520K, reserved 1048576K
}
Event: 6.803 GC heap before
{Heap before GC invocations=13 (full 2):
 PSYoungGen      total 161280K, used 4892K [0x00000000eb500000, 0x00000000f9080000, 0x0000000100000000)
  eden space 149504K, 0% used [0x00000000eb500000,0x00000000eb500000,0x00000000f4700000)
  from space 11776K, 41% used [0x00000000f4700000,0x00000000f4bc71d8,0x00000000f5280000)
  to   space 11264K, 0% used [0x00000000f8580000,0x00000000f8580000,0x00000000f9080000)
 ParOldGen       total 38912K, used 19191K [0x00000000c1e00000, 0x00000000c4400000, 0x00000000eb500000)
  object space 38912K, 49% used [0x00000000c1e00000,0x00000000c30bdf58,0x00000000c4400000)
 Metaspace       used 34804K, capacity 35266K, committed 35496K, reserved 1081344K
  class space    used 4369K, capacity 4482K, committed 4520K, reserved 1048576K
Event: 6.938 GC heap after
Heap after GC invocations=13 (full 2):
 PSYoungGen      total 161280K, used 0K [0x00000000eb500000, 0x00000000f9080000, 0x0000000100000000)
  eden space 149504K, 0% used [0x00000000eb500000,0x00000000eb500000,0x00000000f4700000)
  from space 11776K, 0% used [0x00000000f4700000,0x00000000f4700000,0x00000000f5280000)
  to   space 11264K, 0% used [0x00000000f8580000,0x00000000f8580000,0x00000000f9080000)
 ParOldGen       total 62976K, used 21767K [0x00000000c1e00000, 0x00000000c5b80000, 0x00000000eb500000)
  object space 62976K, 34% used [0x00000000c1e00000,0x00000000c3341f78,0x00000000c5b80000)
 Metaspace       used 34804K, capacity 35266K, committed 35496K, reserved 1081344K
  class space    used 4369K, capacity 4482K, committed 4520K, reserved 1048576K
}
Event: 8.927 GC heap before
{Heap before GC invocations=14 (full 2):
 PSYoungGen      total 161280K, used 149504K [0x00000000eb500000, 0x00000000f9080000, 0x0000000100000000)
  eden space 149504K, 100% used [0x00000000eb500000,0x00000000f4700000,0x00000000f4700000)
  from space 11776K, 0% used [0x00000000f4700000,0x00000000f4700000,0x00000000f5280000)
  to   space 11264K, 0% used [0x00000000f8580000,0x00000000f8580000,0x00000000f9080000)
 ParOldGen       total 62976K, used 21767K [0x00000000c1e00000, 0x00000000c5b80000, 0x00000000eb500000)
  object space 62976K, 34% used [0x00000000c1e00000,0x00000000c3341f78,0x00000000c5b80000)
 Metaspace       used 45893K, capacity 46460K, committed 46888K, reserved 1089536K
  class space    used 5955K, capacity 6097K, committed 6184K, reserved 1048576K
Event: 8.946 GC heap after
Heap after GC invocations=14 (full 2):
 PSYoungGen      total 206336K, used 11240K [0x00000000eb500000, 0x00000000f9080000, 0x0000000100000000)
  eden space 195072K, 0% used [0x00000000eb500000,0x00000000eb500000,0x00000000f7380000)
  from space 11264K, 99% used [0x00000000f8580000,0x00000000f907a370,0x00000000f9080000)
  to   space 14848K, 0% used [0x00000000f7380000,0x00000000f7380000,0x00000000f8200000)
 ParOldGen       total 62976K, used 26778K [0x00000000c1e00000, 0x00000000c5b80000, 0x00000000eb500000)
  object space 62976K, 42% used [0x00000000c1e00000,0x00000000c3826b38,0x00000000c5b80000)
 Metaspace       used 45893K, capacity 46460K, committed 46888K, reserved 1089536K
  class space    used 5955K, capacity 6097K, committed 6184K, reserved 1048576K
}

Deoptimization events (10 events):
Event: 8.822 Thread 0x0000000057938800 Uncommon trap: reason=unstable_if action=reinterpret pc=0x00000000033330c8 method=java.util.WeakHashMap.get(Ljava/lang/Object;)Ljava/lang/Object; @ 56
Event: 8.822 Thread 0x0000000057938800 Uncommon trap: reason=unstable_if action=reinterpret pc=0x0000000002ce5dac method=java.util.WeakHashMap.put(Ljava/lang/Object;Ljava/lang/Object;)Ljava/lang/Object; @ 47
Event: 8.974 Thread 0x0000000057938800 Uncommon trap: reason=unstable_if action=reinterpret pc=0x0000000002679238 method=org.springframework.core.SimpleAliasRegistry.canonicalName(Ljava/lang/String;)Ljava/lang/String; @ 17
Event: 8.993 Thread 0x0000000057938800 Uncommon trap: reason=null_check action=make_not_entrant pc=0x00000000033e23ec method=org.springframework.core.annotation.AnnotatedElementUtils.searchWithGetSemanticsInAnnotations(Ljava/lang/reflect/AnnotatedElement;Ljava/util/List;Ljava/lang/Class;Ljava/
Event: 9.131 Thread 0x0000000057938800 Uncommon trap: reason=unstable_if action=reinterpret pc=0x0000000002cf8524 method=org.springframework.util.AntPathMatcher.skipSegment([CILjava/lang/String;)I @ 62
Event: 9.718 Thread 0x0000000057938800 Uncommon trap: reason=unstable_if action=reinterpret pc=0x0000000002ba06c4 method=org.springframework.util.ConcurrentReferenceHashMap$Segment.clear()V @ 4
Event: 9.752 Thread 0x0000000057938800 Uncommon trap: reason=class_check action=maybe_recompile pc=0x0000000002f6b004 method=java.util.AbstractList$Itr.hasNext()Z @ 8
Event: 9.784 Thread 0x0000000057938800 Uncommon trap: reason=bimorphic action=maybe_recompile pc=0x0000000002c066a8 method=java.util.Hashtable.get(Ljava/lang/Object;)Ljava/lang/Object; @ 6
Event: 9.784 Thread 0x0000000057938800 Uncommon trap: reason=bimorphic action=maybe_recompile pc=0x0000000002c066a8 method=java.util.Hashtable.get(Ljava/lang/Object;)Ljava/lang/Object; @ 6
Event: 9.788 Thread 0x0000000057938800 Uncommon trap: reason=unstable_if action=reinterpret pc=0x0000000002b6cf00 method=org.springframework.util.ConcurrentReferenceHashMap$Segment.restructureIfNecessary(Z)V @ 33

Internal exceptions (10 events):
Event: 9.588 Thread 0x0000000057938800 Exception <a 'java/lang/ClassNotFoundException': java/lang/ObjectCustomizer> (0x00000000ef1390c8) thrown at [C:\re\workspace\8-2-build-windows-amd64-cygwin\jdk8u131\8869\hotspot\src\share\vm\classfile\systemDictionary.cpp, line 210]
Event: 9.589 Thread 0x0000000057938800 Exception <a 'java/lang/ClassNotFoundException': org/springframework/boot/devtools/autoconfigure/LocalDevToolsAutoConfiguration$LiveReloadConfigurationCustomizer> (0x00000000ef15a308) thrown at [C:\re\workspace\8-2-build-windows-amd64-cygwin\jdk8u131\8869
Event: 9.594 Thread 0x0000000057938800 Exception <a 'java/lang/ClassNotFoundException': java/lang/ObjectCustomizer> (0x00000000ef1a4198) thrown at [C:\re\workspace\8-2-build-windows-amd64-cygwin\jdk8u131\8869\hotspot\src\share\vm\classfile\systemDictionary.cpp, line 210]
Event: 9.595 Thread 0x0000000057938800 Exception <a 'java/lang/ClassNotFoundException': org/springframework/boot/devtools/livereload/LiveReloadServerCustomizer> (0x00000000ef1bce10) thrown at [C:\re\workspace\8-2-build-windows-amd64-cygwin\jdk8u131\8869\hotspot\src\share\vm\classfile\systemDic
Event: 9.597 Thread 0x0000000057938800 Exception <a 'java/lang/ClassNotFoundException': java/lang/ObjectCustomizer> (0x00000000ef1d0a48) thrown at [C:\re\workspace\8-2-build-windows-amd64-cygwin\jdk8u131\8869\hotspot\src\share\vm\classfile\systemDictionary.cpp, line 210]
Event: 9.597 Thread 0x0000000057938800 Exception <a 'java/lang/ClassNotFoundException': org/springframework/boot/devtools/autoconfigure/OptionalLiveReloadServerCustomizer> (0x00000000ef1eb5a8) thrown at [C:\re\workspace\8-2-build-windows-amd64-cygwin\jdk8u131\8869\hotspot\src\share\vm\classfil
Event: 9.605 Thread 0x0000000057938800 Exception <a 'java/lang/ClassNotFoundException': java/lang/ObjectCustomizer> (0x00000000ef2115b8) thrown at [C:\re\workspace\8-2-build-windows-amd64-cygwin\jdk8u131\8869\hotspot\src\share\vm\classfile\systemDictionary.cpp, line 210]
Event: 9.606 Thread 0x0000000057938800 Exception <a 'java/lang/ClassNotFoundException': org/springframework/boot/devtools/autoconfigure/LocalDevToolsAutoConfigurationCustomizer> (0x00000000ef22da28) thrown at [C:\re\workspace\8-2-build-windows-amd64-cygwin\jdk8u131\8869\hotspot\src\share\vm\cl
Event: 9.607 Thread 0x0000000057938800 Exception <a 'java/lang/ClassNotFoundException': org/springframework/boot/devtools/autoconfigure/LocalDevToolsAutoConfiguration$$EnhancerBySpringCGLIB$$7d9908e5Customizer> (0x00000000ef24e050) thrown at [C:\re\workspace\8-2-build-windows-amd64-cygwin\jdk8
Event: 9.608 Thread 0x0000000057938800 Exception <a 'java/lang/ClassNotFoundException': org/springframework/context/annotation/ConfigurationClassEnhancer$EnhancedConfigurationCustomizer> (0x00000000ef26e248) thrown at [C:\re\workspace\8-2-build-windows-amd64-cygwin\jdk8u131\8869\hotspot\src\sh

Events (10 events):
Event: 151.298 Thread 0x0000000054ed7800 flushing nmethod 0x000000000274e210
Event: 151.298 Thread 0x0000000054ed7800 flushing nmethod 0x000000000277cad0
Event: 151.298 Thread 0x0000000054ed7800 flushing nmethod 0x0000000002797e10
Event: 159.284 Thread 0x0000000056632000 flushing nmethod 0x00000000028114d0
Event: 159.284 Thread 0x0000000056632000 flushing nmethod 0x0000000002812510
Event: 159.284 Thread 0x0000000056632000 flushing nmethod 0x000000000289cc50
Event: 164.212 Thread 0x0000000054ed7800 flushing nmethod 0x00000000028c2d10
Event: 164.212 Thread 0x0000000054ed7800 flushing nmethod 0x00000000028e8e10
Event: 164.212 Thread 0x0000000054ed7800 flushing nmethod 0x00000000028ef110
Event: 164.212 Thread 0x0000000054ed7800 flushing nmethod 0x000000000290f510


Dynamic libraries:
0x000000013fe20000 - 0x000000013fe57000 	C:\Program Files\Java\jre1.8.0_131\bin\javaw.exe
0x0000000077820000 - 0x00000000779ca000 	C:\Windows\SYSTEM32\ntdll.dll
0x0000000077600000 - 0x000000007771f000 	C:\Windows\system32\kernel32.dll
0x000007fefd860000 - 0x000007fefd8ca000 	C:\Windows\system32\KERNELBASE.dll
0x000007feff1f0000 - 0x000007feff2cb000 	C:\Windows\system32\ADVAPI32.dll
0x000007feffa40000 - 0x000007feffadf000 	C:\Windows\system32\msvcrt.dll
0x000007fefdeb0000 - 0x000007fefdecf000 	C:\Windows\SYSTEM32\sechost.dll
0x000007feff6a0000 - 0x000007feff7cd000 	C:\Windows\system32\RPCRT4.dll
0x0000000077720000 - 0x000000007781a000 	C:\Windows\system32\USER32.dll
0x000007fefdac0000 - 0x000007fefdb27000 	C:\Windows\system32\GDI32.dll
0x000007feff690000 - 0x000007feff69e000 	C:\Windows\system32\LPK.dll
0x000007fefdde0000 - 0x000007fefdeab000 	C:\Windows\system32\USP10.dll
0x000007fefb7f0000 - 0x000007fefb9e4000 	C:\Windows\WinSxS\amd64_microsoft.windows.common-controls_6595b64144ccf1df_6.0.7601.18837_none_fa3b1e3d17594757\COMCTL32.dll
0x000007feff9c0000 - 0x000007feffa31000 	C:\Windows\system32\SHLWAPI.dll
0x000007feff2d0000 - 0x000007feff2fe000 	C:\Windows\system32\IMM32.DLL
0x000007feff8b0000 - 0x000007feff9b9000 	C:\Windows\system32\MSCTF.dll
0x000000006d7d0000 - 0x000000006d8a2000 	C:\Program Files\Java\jre1.8.0_131\bin\msvcr100.dll
0x000000006cc50000 - 0x000000006d4ec000 	C:\Program Files\Java\jre1.8.0_131\bin\server\jvm.dll
0x000007fef68f0000 - 0x000007fef68f9000 	C:\Windows\system32\WSOCK32.dll
0x000007feffae0000 - 0x000007feffb2d000 	C:\Windows\system32\WS2_32.dll
0x000007fefddd0000 - 0x000007fefddd8000 	C:\Windows\system32\NSI.dll
0x000007fefa960000 - 0x000007fefa99b000 	C:\Windows\system32\WINMM.dll
0x000007fefc5f0000 - 0x000007fefc5fc000 	C:\Windows\system32\VERSION.dll
0x00000000779e0000 - 0x00000000779e7000 	C:\Windows\system32\PSAPI.DLL
0x0000000070cf0000 - 0x0000000070cff000 	C:\Program Files\Java\jre1.8.0_131\bin\verify.dll
0x00000000702c0000 - 0x00000000702e9000 	C:\Program Files\Java\jre1.8.0_131\bin\java.dll
0x00000000702a0000 - 0x00000000702b6000 	C:\Program Files\Java\jre1.8.0_131\bin\zip.dll
0x000007fefdf50000 - 0x000007fefecdb000 	C:\Windows\system32\SHELL32.dll
0x000007fefdbd0000 - 0x000007fefddcc000 	C:\Windows\system32\ole32.dll
0x000007fefd520000 - 0x000007fefd52f000 	C:\Windows\system32\profapi.dll
0x0000000070010000 - 0x000000007001d000 	C:\Program Files\Java\jre1.8.0_131\bin\management.dll
0x0000000070280000 - 0x000000007029a000 	C:\Program Files\Java\jre1.8.0_131\bin\net.dll
0x000007fefcce0000 - 0x000007fefcd35000 	C:\Windows\system32\mswsock.dll
0x000007fefccd0000 - 0x000007fefccd7000 	C:\Windows\System32\wship6.dll
0x0000000070260000 - 0x0000000070271000 	C:\Program Files\Java\jre1.8.0_131\bin\nio.dll
0x000007fefbc60000 - 0x000007fefbc75000 	C:\Windows\system32\NLAapi.dll
0x000007fef9480000 - 0x000007fef9495000 	C:\Windows\system32\napinsp.dll
0x000007fef9460000 - 0x000007fef9479000 	C:\Windows\system32\pnrpnsp.dll
0x000007fefcb60000 - 0x000007fefcbbb000 	C:\Windows\system32\DNSAPI.dll
0x000007fef9450000 - 0x000007fef945b000 	C:\Windows\System32\winrnr.dll
0x000007fef9440000 - 0x000007fef9450000 	C:\Windows\system32\wshbth.dll
0x000007fefc6c0000 - 0x000007fefc6c7000 	C:\Windows\System32\wshtcpip.dll
0x000007fefb750000 - 0x000007fefb777000 	C:\Windows\system32\IPHLPAPI.DLL
0x000007fefb700000 - 0x000007fefb70b000 	C:\Windows\system32\WINNSI.DLL
0x000007fef8770000 - 0x000007fef8778000 	C:\Windows\system32\rasadhlp.dll
0x000007fefb5f0000 - 0x000007fefb643000 	C:\Windows\System32\fwpuclnt.dll
0x000007fefcd40000 - 0x000007fefcd58000 	C:\Windows\system32\CRYPTSP.dll
0x000007fefca40000 - 0x000007fefca87000 	C:\Windows\system32\rsaenh.dll
0x000007fefd530000 - 0x000007fefd54e000 	C:\Windows\system32\USERENV.dll
0x000007fefd3b0000 - 0x000007fefd3bf000 	C:\Windows\system32\CRYPTBASE.dll
0x000007fefb470000 - 0x000007fefb488000 	C:\Windows\system32\dhcpcsvc.DLL
0x000007fefb430000 - 0x000007fefb441000 	C:\Windows\system32\dhcpcsvc6.DLL

VM Arguments:
jvm_args: -Dcom.sun.management.jmxremote -Dcom.sun.management.jmxremote.port=49347 -Dcom.sun.management.jmxremote.authenticate=false -Dcom.sun.management.jmxremote.ssl=false -Djava.rmi.server.hostname=localhost -Dspring.liveBeansView.mbeanDomain -Dspring.application.admin.enabled=true -Dfile.encoding=UTF-8 
java_command: fr.simplon.DemandeAbsencesApplication
java_class_path (initial): C:\Data\gestionAbsences\Developpement\Java\demandeAbsences\target\classes;C:\Users\GTW5N5\.m2\repository\org\springframework\boot\spring-boot-starter-data-jpa\1.5.3.RELEASE\spring-boot-starter-data-jpa-1.5.3.RELEASE.jar;C:\Users\GTW5N5\.m2\repository\org\springframework\boot\spring-boot-starter\1.5.3.RELEASE\spring-boot-starter-1.5.3.RELEASE.jar;C:\Users\GTW5N5\.m2\repository\org\springframework\boot\spring-boot-starter-logging\1.5.3.RELEASE\spring-boot-starter-logging-1.5.3.RELEASE.jar;C:\Users\GTW5N5\.m2\repository\ch\qos\logback\logback-classic\1.1.11\logback-classic-1.1.11.jar;C:\Users\GTW5N5\.m2\repository\ch\qos\logback\logback-core\1.1.11\logback-core-1.1.11.jar;C:\Users\GTW5N5\.m2\repository\org\slf4j\jul-to-slf4j\1.7.25\jul-to-slf4j-1.7.25.jar;C:\Users\GTW5N5\.m2\repository\org\slf4j\log4j-over-slf4j\1.7.25\log4j-over-slf4j-1.7.25.jar;C:\Users\GTW5N5\.m2\repository\org\yaml\snakeyaml\1.17\snakeyaml-1.17.jar;C:\Users\GTW5N5\.m2\repository\org\springframework\boot\spring-boot-starter-aop\1.5.3.RELEASE\spring-boot-starter-aop-1.5.3.RELEASE.jar;C:\Users\GTW5N5\.m2\repository\org\springframework\spring-aop\4.3.8.RELEASE\spring-aop-4.3.8.RELEASE.jar;C:\Users\GTW5N5\.m2\repository\org\aspectj\aspectjweaver\1.8.10\aspectjweaver-1.8.10.jar;C:\Users\GTW5N5\.m2\repository\org\springframework\boot\spring-boot-starter-jdbc\1.5.3.RELEASE\spring-boot-starter-jdbc-1.5.3.RELEASE.jar;C:\Users\GTW5N5\.m2\repository\org\apache\tomcat\tomcat-jdbc\8.5.14\tomcat-jdbc-8.5.14.jar;C:\Users\GTW5N5\.m2\repository\org\apache\tomcat\tomcat-juli\8.5.14\tomcat-juli-8.5.14.jar;C:\Users\GTW5N5\.m2\repository\org\springframework\spring-jdbc\4.3.8.RELEASE\spring-jdbc-4.3.8.RELEASE.jar;C:\Users\GTW5N5\.m2\repository\org\hibernate\hibernate-core\5.0.12.Final\hibernate-core-5.0.12.Final.jar;C:\Users\GTW5N5\.m2\repository\org\jboss\logging\jboss-logging\3.3.1.Final\jboss-logging-3.3.1.Final.jar;C:\Users\GTW5N5\.m2\repository\org\hibernate\javax\persistence\hibernate-j
Launcher Type: SUN_STANDARD

Environment Variables:
JAVA_HOME=C:\Program Files\Java\jdk1.8.0_121
PATH=C:/Program Files/Java/jre1.8.0_131/bin/server;C:/Program Files/Java/jre1.8.0_131/bin;C:/Program Files/Java/jre1.8.0_131/lib/amd64;C:\ProgramData\Oracle\Java\javapath;C:\Windows\system32;C:\Windows;C:\Windows\System32\Wbem;C:\Windows\System32\WindowsPowerShell\v1.0\;C:\Program Files\Git\cmd;C:\Program Files\Apache Software Foundation\apache-maven-3.5.0\bin;C:\Program Files\Java\jdk1.8.0_121\bin;C:\Program Files\nodejs\;C:\Program Files\TortoiseGit\bin;C:\Program Files (x86)\Microsoft VS Code\bin;C:\Users\GTW5N5\AppData\Local\atom\bin;C:\Users\GTW5N5\AppData\Roaming\npm;C:\Users\GTW5N5\eclipse\jee-neon\eclipse;
USERNAME=GTW5N5
OS=Windows_NT
PROCESSOR_IDENTIFIER=Intel64 Family 6 Model 58 Stepping 9, GenuineIntel



---------------  S Y S T E M  ---------------

OS: Windows 7 , 64 bit Build 7601 (6.1.7601.23807)

CPU:total 4 (initial active 4) (2 cores per cpu, 2 threads per core) family 6 model 58 stepping 9, cmov, cx8, fxsr, mmx, sse, sse2, sse3, ssse3, sse4.1, sse4.2, popcnt, avx, aes, clmul, erms, ht, tsc, tscinvbit, tscinv

Memory: 4k page, physical 4065072k(171640k free), swap 4199212k(5172k free)

vm_info: Java HotSpot(TM) 64-Bit Server VM (25.131-b11) for windows-amd64 JRE (1.8.0_131-b11), built on Mar 15 2017 01:23:53 by "java_re" with MS VC++ 10.0 (VS2010)

time: Wed Jul 12 09:58:48 2017
elapsed time: 171 seconds (0d 0h 2m 51s)

